<?xml version="1.0" encoding="UTF-8"?>
<testng-results ignored="0" total="1" passed="1" failed="0" skipped="0">
  <reporter-output>
  </reporter-output>
  <suite started-at="2024-10-05T08:35:04 IST" name="Suite" finished-at="2024-10-05T08:36:06 IST" duration-ms="61353">
    <groups>
    </groups>
    <test started-at="2024-10-05T08:35:04 IST" name="Test" finished-at="2024-10-05T08:36:06 IST" duration-ms="61353">
      <class name="com.medimention.testCases.TC_001_RegistrationTest">
        <test-method is-config="true" signature="setup(java.lang.String,java.lang.String)[pri:0, instance:com.medimention.testCases.TC_001_RegistrationTest@198b6731]" started-at="2024-10-05T08:35:04 IST" name="setup" finished-at="2024-10-05T08:35:48 IST" duration-ms="43459" status="PASS">
          <params>
            <param index="0">
              <value>
                <![CDATA[Windows]]>
              </value>
            </param>
            <param index="1">
              <value>
                <![CDATA[chrome]]>
              </value>
            </param>
          </params>
          <reporter-output>
          </reporter-output>
        </test-method> <!-- setup -->
        <test-method signature="account_register()[pri:0, instance:com.medimention.testCases.TC_001_RegistrationTest@198b6731]" started-at="2024-10-05T08:35:48 IST" name="account_register" finished-at="2024-10-05T08:36:04 IST" duration-ms="16463" status="PASS">
          <reporter-output>
          </reporter-output>
        </test-method> <!-- account_register -->
        <test-method is-config="true" signature="tearDown()[pri:0, instance:com.medimention.testCases.TC_001_RegistrationTest@198b6731]" started-at="2024-10-05T08:36:04 IST" name="tearDown" finished-at="2024-10-05T08:36:06 IST" duration-ms="1112" status="PASS">
          <reporter-output>
          </reporter-output>
        </test-method> <!-- tearDown -->
      </class> <!-- com.medimention.testCases.TC_001_RegistrationTest -->
    </test> <!-- Test -->
  </suite> <!-- Suite -->
</testng-results>
